[debug] [2021-10-20T12:46:37.082Z] ----------------------------------------------------------------------
[debug] [2021-10-20T12:46:37.083Z] Command:       /usr/local/bin/node /usr/local/bin/firebase functions:shell
[debug] [2021-10-20T12:46:37.083Z] CLI Version:   9.16.0
[debug] [2021-10-20T12:46:37.083Z] Platform:      darwin
[debug] [2021-10-20T12:46:37.083Z] Node Version:  v16.6.0
[debug] [2021-10-20T12:46:37.085Z] Time:          Wed Oct 20 2021 20:46:37 GMT+0800 (Philippine Standard Time)
[debug] [2021-10-20T12:46:37.086Z] ----------------------------------------------------------------------
[debug] 
[debug] [2021-10-20T12:46:37.110Z] > command requires scopes: ["email","openid","https://www.googleapis.com/auth/cloudplatformprojects.readonly","https://www.googleapis.com/auth/firebase","https://www.googleapis.com/auth/cloud-platform"]
[debug] [2021-10-20T12:46:37.110Z] > authorizing via signed-in user (ivan.curada@gmail.com)
[debug] [2021-10-20T12:46:37.110Z] [iam] checking project ivan-labs for permissions ["firebase.projects.get"]
[debug] [2021-10-20T12:46:37.111Z] >>> HTTP REQUEST POST https://cloudresourcemanager.googleapis.com/v1/projects/ivan-labs:testIamPermissions  
 {"permissions":["firebase.projects.get"]}
[debug] [2021-10-20T12:46:38.324Z] <<< HTTP RESPONSE 200 {"content-type":"application/json; charset=UTF-8","vary":"X-Origin, Referer, Origin,Accept-Encoding","date":"Wed, 20 Oct 2021 12:46:38 GMT","server":"ESF","cache-control":"private","x-xss-protection":"0","x-frame-options":"SAMEORIGIN","x-content-type-options":"nosniff","server-timing":"gfet4t7; dur=803","alt-svc":"h3=\":443\"; ma=2592000,h3-29=\":443\"; ma=2592000,h3-Q050=\":443\"; ma=2592000,h3-Q046=\":443\"; ma=2592000,h3-Q043=\":443\"; ma=2592000","accept-ranges":"none","transfer-encoding":"chunked"}
[warn] ⚠  Your requested "node" version "14" doesn't match your global version "16" {"metadata":{"emulator":{"name":"functions"},"message":"Your requested \"node\" version \"14\" doesn't match your global version \"16\""}}
[warn] ⚠  functions: Your GOOGLE_APPLICATION_CREDENTIALS environment variable points to /Users/vanivancurada/.config/gcloud/application_default_credentials.json. Non-emulated services will access production using these credentials. Be careful! {"metadata":{"emulator":{"name":"functions"},"message":"Your GOOGLE_APPLICATION_CREDENTIALS environment variable points to /Users/vanivancurada/.config/gcloud/application_default_credentials.json. Non-emulated services will access production using these credentials. Be careful!"}}
[debug] [2021-10-20T12:46:38.341Z] > refreshing access token with scopes: []
[debug] [2021-10-20T12:46:38.341Z] >>> HTTP REQUEST POST https://www.googleapis.com/oauth2/v3/token  
 <request body omitted>
[debug] [2021-10-20T12:46:38.634Z] <<< HTTP RESPONSE 200 {"pragma":"no-cache","date":"Wed, 20 Oct 2021 12:46:38 GMT","expires":"Mon, 01 Jan 1990 00:00:00 GMT","cache-control":"no-cache, no-store, max-age=0, must-revalidate","content-type":"application/json; charset=utf-8","vary":"X-Origin, Referer, Origin,Accept-Encoding","server":"scaffolding on HTTPServer2","x-xss-protection":"0","x-frame-options":"SAMEORIGIN","x-content-type-options":"nosniff","alt-svc":"h3=\":443\"; ma=2592000,h3-29=\":443\"; ma=2592000,h3-T051=\":443\"; ma=2592000,h3-Q050=\":443\"; ma=2592000,h3-Q046=\":443\"; ma=2592000,h3-Q043=\":443\"; ma=2592000,quic=\":443\"; ma=2592000; v=\"46,43\"","accept-ranges":"none","transfer-encoding":"chunked"}
[debug] [2021-10-20T12:46:38.683Z] >>> [apiv2][query] GET https://firebase.googleapis.com/v1beta1/projects/ivan-labs/adminSdkConfig [none]
